<?xml version="1.0" encoding="UTF-8"?>
<!-- Generated by org.testng.reporters.JUnitReportReporter -->
<testsuite skipped="0" hostname="DESKTOP-UP6M24A" name="com.searchmodule.tests.SearchTest" tests="4" failures="0" timestamp="15 Apr 2020 09:47:22 GMT" time="13.378" errors="0">
  <testcase name="search" time="3.260" classname="com.searchmodule.tests.SearchTest"/>
  <testcase name="search" time="3.556" classname="com.searchmodule.tests.SearchTest"/>
  <testcase name="search" time="3.242" classname="com.searchmodule.tests.SearchTest"/>
  <testcase name="search" time="3.320" classname="com.searchmodule.tests.SearchTest"/>
</testsuite> <!-- com.searchmodule.tests.SearchTest -->
